<?xml version="1.0" encoding="UTF-8"?>
<testng-results ignored="0" total="11" passed="11" failed="0" skipped="0">
  <reporter-output>
  </reporter-output>
  <suite started-at="2022-10-08T13:51:12Z" name="FREE CRM Application Test Automation Test Suite" finished-at="2022-10-08T13:54:22Z" duration-ms="189725">
    <groups>
    </groups>
    <test started-at="2022-10-08T13:51:12Z" name="Free CRM App Test Cases" finished-at="2022-10-08T13:54:22Z" duration-ms="189725">
      <class name="com.crm.qa.testcases.HomePageTest">
        <test-method is-config="true" signature="setUp()[pri:0, instance:com.crm.qa.testcases.HomePageTest@3943a2be]" started-at="2022-10-08T13:51:19Z" name="setUp" finished-at="2022-10-08T13:51:29Z" duration-ms="9600" status="PASS">
          <reporter-output>
          </reporter-output>
        </test-method> <!-- setUp -->
        <test-method signature="verifyHomePageTitleTest()[pri:1, instance:com.crm.qa.testcases.HomePageTest@3943a2be]" started-at="2022-10-08T13:51:29Z" name="verifyHomePageTitleTest" finished-at="2022-10-08T13:51:29Z" duration-ms="7" status="PASS">
          <reporter-output>
          </reporter-output>
        </test-method> <!-- verifyHomePageTitleTest -->
        <test-method is-config="true" signature="tearDown()[pri:0, instance:com.crm.qa.testcases.HomePageTest@3943a2be]" started-at="2022-10-08T13:51:29Z" name="tearDown" finished-at="2022-10-08T13:51:31Z" duration-ms="2573" status="PASS">
          <reporter-output>
          </reporter-output>
        </test-method> <!-- tearDown -->
        <test-method is-config="true" signature="setUp()[pri:0, instance:com.crm.qa.testcases.HomePageTest@3943a2be]" started-at="2022-10-08T13:51:55Z" name="setUp" finished-at="2022-10-08T13:52:02Z" duration-ms="6367" status="PASS">
          <reporter-output>
          </reporter-output>
        </test-method> <!-- setUp -->
        <test-method signature="verifyUserNameTest()[pri:2, instance:com.crm.qa.testcases.HomePageTest@3943a2be]" started-at="2022-10-08T13:52:02Z" name="verifyUserNameTest" finished-at="2022-10-08T13:52:02Z" duration-ms="389" status="PASS">
          <reporter-output>
          </reporter-output>
        </test-method> <!-- verifyUserNameTest -->
        <test-method is-config="true" signature="tearDown()[pri:0, instance:com.crm.qa.testcases.HomePageTest@3943a2be]" started-at="2022-10-08T13:52:02Z" name="tearDown" finished-at="2022-10-08T13:52:03Z" duration-ms="914" status="PASS">
          <reporter-output>
          </reporter-output>
        </test-method> <!-- tearDown -->
        <test-method is-config="true" signature="setUp()[pri:0, instance:com.crm.qa.testcases.HomePageTest@3943a2be]" started-at="2022-10-08T13:52:32Z" name="setUp" finished-at="2022-10-08T13:52:38Z" duration-ms="5472" status="PASS">
          <reporter-output>
          </reporter-output>
        </test-method> <!-- setUp -->
        <test-method signature="verifyContactsLinkTest()[pri:3, instance:com.crm.qa.testcases.HomePageTest@3943a2be]" started-at="2022-10-08T13:52:38Z" name="verifyContactsLinkTest" finished-at="2022-10-08T13:52:39Z" duration-ms="1012" status="PASS">
          <reporter-output>
          </reporter-output>
        </test-method> <!-- verifyContactsLinkTest -->
        <test-method is-config="true" signature="tearDown()[pri:0, instance:com.crm.qa.testcases.HomePageTest@3943a2be]" started-at="2022-10-08T13:52:39Z" name="tearDown" finished-at="2022-10-08T13:52:40Z" duration-ms="984" status="PASS">
          <reporter-output>
          </reporter-output>
        </test-method> <!-- tearDown -->
      </class> <!-- com.crm.qa.testcases.HomePageTest -->
      <class name="com.crm.qa.testcases.ContactsPageTest">
        <test-method is-config="true" signature="setUp()[pri:0, instance:com.crm.qa.testcases.ContactsPageTest@343570b7]" started-at="2022-10-08T13:51:31Z" name="setUp" finished-at="2022-10-08T13:51:54Z" duration-ms="23001" status="PASS">
          <reporter-output>
          </reporter-output>
        </test-method> <!-- setUp -->
        <test-method signature="verifyContactsPageLabel()[pri:1, instance:com.crm.qa.testcases.ContactsPageTest@343570b7]" started-at="2022-10-08T13:51:54Z" name="verifyContactsPageLabel" finished-at="2022-10-08T13:51:54Z" duration-ms="40" status="PASS">
          <reporter-output>
          </reporter-output>
        </test-method> <!-- verifyContactsPageLabel -->
        <test-method is-config="true" signature="tearDown()[pri:0, instance:com.crm.qa.testcases.ContactsPageTest@343570b7]" started-at="2022-10-08T13:51:54Z" name="tearDown" finished-at="2022-10-08T13:51:55Z" duration-ms="945" status="PASS">
          <reporter-output>
          </reporter-output>
        </test-method> <!-- tearDown -->
        <test-method is-config="true" signature="setUp()[pri:0, instance:com.crm.qa.testcases.ContactsPageTest@343570b7]" started-at="2022-10-08T13:52:03Z" name="setUp" finished-at="2022-10-08T13:52:24Z" duration-ms="21217" status="PASS">
          <reporter-output>
          </reporter-output>
        </test-method> <!-- setUp -->
        <test-method signature="selectSingleContactsTest()[pri:2, instance:com.crm.qa.testcases.ContactsPageTest@343570b7]" started-at="2022-10-08T13:52:24Z" name="selectSingleContactsTest" finished-at="2022-10-08T13:52:25Z" duration-ms="443" status="PASS">
          <reporter-output>
          </reporter-output>
        </test-method> <!-- selectSingleContactsTest -->
        <test-method is-config="true" signature="tearDown()[pri:0, instance:com.crm.qa.testcases.ContactsPageTest@343570b7]" started-at="2022-10-08T13:52:25Z" name="tearDown" finished-at="2022-10-08T13:52:25Z" duration-ms="942" status="PASS">
          <reporter-output>
          </reporter-output>
        </test-method> <!-- tearDown -->
        <test-method is-config="true" signature="setUp()[pri:0, instance:com.crm.qa.testcases.ContactsPageTest@343570b7]" started-at="2022-10-08T13:52:40Z" name="setUp" finished-at="2022-10-08T13:53:02Z" duration-ms="22204" status="PASS">
          <reporter-output>
          </reporter-output>
        </test-method> <!-- setUp -->
        <test-method signature="selectMultipleContactsTest()[pri:3, instance:com.crm.qa.testcases.ContactsPageTest@343570b7]" started-at="2022-10-08T13:53:02Z" name="selectMultipleContactsTest" finished-at="2022-10-08T13:53:02Z" duration-ms="84" status="PASS">
          <reporter-output>
          </reporter-output>
        </test-method> <!-- selectMultipleContactsTest -->
        <test-method is-config="true" signature="tearDown()[pri:0, instance:com.crm.qa.testcases.ContactsPageTest@343570b7]" started-at="2022-10-08T13:53:02Z" name="tearDown" finished-at="2022-10-08T13:53:03Z" duration-ms="968" status="PASS">
          <reporter-output>
          </reporter-output>
        </test-method> <!-- tearDown -->
        <test-method is-config="true" signature="setUp()[pri:0, instance:com.crm.qa.testcases.ContactsPageTest@343570b7]" started-at="2022-10-08T13:53:04Z" name="setUp" finished-at="2022-10-08T13:53:30Z" duration-ms="25651" status="PASS">
          <reporter-output>
          </reporter-output>
        </test-method> <!-- setUp -->
        <test-method signature="validateCreateNewContact(java.lang.String, java.lang.String, java.lang.String)[pri:4, instance:com.crm.qa.testcases.ContactsPageTest@343570b7]" started-at="2022-10-08T13:53:30Z" name="validateCreateNewContact" data-provider="getCRMTestData" finished-at="2022-10-08T13:53:32Z" duration-ms="2109" status="PASS">
          <params>
            <param index="0">
              <value>
                <![CDATA[John]]>
              </value>
            </param>
            <param index="1">
              <value>
                <![CDATA[Smith]]>
              </value>
            </param>
            <param index="2">
              <value>
                <![CDATA[Celestica]]>
              </value>
            </param>
          </params>
          <reporter-output>
          </reporter-output>
        </test-method> <!-- validateCreateNewContact -->
        <test-method is-config="true" signature="tearDown()[pri:0, instance:com.crm.qa.testcases.ContactsPageTest@343570b7]" started-at="2022-10-08T13:53:32Z" name="tearDown" finished-at="2022-10-08T13:53:33Z" duration-ms="911" status="PASS">
          <reporter-output>
          </reporter-output>
        </test-method> <!-- tearDown -->
        <test-method is-config="true" signature="setUp()[pri:0, instance:com.crm.qa.testcases.ContactsPageTest@343570b7]" started-at="2022-10-08T13:53:33Z" name="setUp" finished-at="2022-10-08T13:53:55Z" duration-ms="22509" status="PASS">
          <reporter-output>
          </reporter-output>
        </test-method> <!-- setUp -->
        <test-method signature="validateCreateNewContact(java.lang.String, java.lang.String, java.lang.String)[pri:4, instance:com.crm.qa.testcases.ContactsPageTest@343570b7]" started-at="2022-10-08T13:53:55Z" name="validateCreateNewContact" data-provider="getCRMTestData" finished-at="2022-10-08T13:53:57Z" duration-ms="2060" status="PASS">
          <params>
            <param index="0">
              <value>
                <![CDATA[Kevin]]>
              </value>
            </param>
            <param index="1">
              <value>
                <![CDATA[Kulig]]>
              </value>
            </param>
            <param index="2">
              <value>
                <![CDATA[Honeywell]]>
              </value>
            </param>
          </params>
          <reporter-output>
          </reporter-output>
        </test-method> <!-- validateCreateNewContact -->
        <test-method is-config="true" signature="tearDown()[pri:0, instance:com.crm.qa.testcases.ContactsPageTest@343570b7]" started-at="2022-10-08T13:53:57Z" name="tearDown" finished-at="2022-10-08T13:53:58Z" duration-ms="815" status="PASS">
          <reporter-output>
          </reporter-output>
        </test-method> <!-- tearDown -->
        <test-method is-config="true" signature="setUp()[pri:0, instance:com.crm.qa.testcases.ContactsPageTest@343570b7]" started-at="2022-10-08T13:53:58Z" name="setUp" finished-at="2022-10-08T13:54:19Z" duration-ms="21080" status="PASS">
          <reporter-output>
          </reporter-output>
        </test-method> <!-- setUp -->
        <test-method signature="validateCreateNewContact(java.lang.String, java.lang.String, java.lang.String)[pri:4, instance:com.crm.qa.testcases.ContactsPageTest@343570b7]" started-at="2022-10-08T13:54:19Z" name="validateCreateNewContact" data-provider="getCRMTestData" finished-at="2022-10-08T13:54:21Z" duration-ms="2167" status="PASS">
          <params>
            <param index="0">
              <value>
                <![CDATA[Tafiane]]>
              </value>
            </param>
            <param index="1">
              <value>
                <![CDATA[Kaur]]>
              </value>
            </param>
            <param index="2">
              <value>
                <![CDATA[Honeywell]]>
              </value>
            </param>
          </params>
          <reporter-output>
          </reporter-output>
        </test-method> <!-- validateCreateNewContact -->
        <test-method is-config="true" signature="tearDown()[pri:0, instance:com.crm.qa.testcases.ContactsPageTest@343570b7]" started-at="2022-10-08T13:54:21Z" name="tearDown" finished-at="2022-10-08T13:54:22Z" duration-ms="825" status="PASS">
          <reporter-output>
          </reporter-output>
        </test-method> <!-- tearDown -->
      </class> <!-- com.crm.qa.testcases.ContactsPageTest -->
      <class name="com.crm.qa.testcases.LoginPageTest">
        <test-method is-config="true" signature="setUp()[pri:0, instance:com.crm.qa.testcases.LoginPageTest@28975c28]" started-at="2022-10-08T13:51:12Z" name="setUp" finished-at="2022-10-08T13:51:18Z" duration-ms="5503" status="PASS">
          <reporter-output>
          </reporter-output>
        </test-method> <!-- setUp -->
        <test-method signature="loginPageTitleTest()[pri:1, instance:com.crm.qa.testcases.LoginPageTest@28975c28]" started-at="2022-10-08T13:51:18Z" name="loginPageTitleTest" finished-at="2022-10-08T13:51:18Z" duration-ms="35" status="PASS">
          <reporter-output>
          </reporter-output>
        </test-method> <!-- loginPageTitleTest -->
        <test-method is-config="true" signature="tearDown()[pri:0, instance:com.crm.qa.testcases.LoginPageTest@28975c28]" started-at="2022-10-08T13:51:18Z" name="tearDown" finished-at="2022-10-08T13:51:19Z" duration-ms="1188" status="PASS">
          <reporter-output>
          </reporter-output>
        </test-method> <!-- tearDown -->
        <test-method is-config="true" signature="setUp()[pri:0, instance:com.crm.qa.testcases.LoginPageTest@28975c28]" started-at="2022-10-08T13:52:25Z" name="setUp" finished-at="2022-10-08T13:52:29Z" duration-ms="3589" status="PASS">
          <reporter-output>
          </reporter-output>
        </test-method> <!-- setUp -->
        <test-method signature="loginTest()[pri:3, instance:com.crm.qa.testcases.LoginPageTest@28975c28]" started-at="2022-10-08T13:52:29Z" name="loginTest" finished-at="2022-10-08T13:52:32Z" duration-ms="2606" status="PASS">
          <reporter-output>
          </reporter-output>
        </test-method> <!-- loginTest -->
        <test-method is-config="true" signature="tearDown()[pri:0, instance:com.crm.qa.testcases.LoginPageTest@28975c28]" started-at="2022-10-08T13:52:32Z" name="tearDown" finished-at="2022-10-08T13:52:32Z" duration-ms="798" status="PASS">
          <reporter-output>
          </reporter-output>
        </test-method> <!-- tearDown -->
      </class> <!-- com.crm.qa.testcases.LoginPageTest -->
    </test> <!-- Free CRM App Test Cases -->
  </suite> <!-- FREE CRM Application Test Automation Test Suite -->
</testng-results>
